

Processing Rails::InfoController#properties (for 127.0.0.1 at 2010-09-17 10:58:59) [GET]
  [4;36;1mSQL (0.0ms)[0m   [0;1m SELECT name
 FROM sqlite_master
 WHERE type = 'table' AND NOT name = 'sqlite_sequence'
[0m
Completed in 31ms (View: 0, DB: 0) | 200 OK [http://localhost/rails/info/properties]


Processing ApplicationController#index (for 127.0.0.1 at 2010-09-17 11:10:09) [GET]

ActionController::RoutingError (No route matches "/hello" with {:method=>:get}):
  C:/Ruby187/lib/ruby/1.8/webrick/httpserver.rb:104:in `service'
  C:/Ruby187/lib/ruby/1.8/webrick/httpserver.rb:65:in `run'
  C:/Ruby187/lib/ruby/1.8/webrick/server.rb:173:in `start_thread'
  C:/Ruby187/lib/ruby/1.8/webrick/server.rb:162:in `start'
  C:/Ruby187/lib/ruby/1.8/webrick/server.rb:162:in `start_thread'
  C:/Ruby187/lib/ruby/1.8/webrick/server.rb:95:in `start'
  C:/Ruby187/lib/ruby/1.8/webrick/server.rb:92:in `each'
  C:/Ruby187/lib/ruby/1.8/webrick/server.rb:92:in `start'
  C:/Ruby187/lib/ruby/1.8/webrick/server.rb:23:in `start'
  C:/Ruby187/lib/ruby/1.8/webrick/server.rb:82:in `start'

Rendering rescues/layout (not_found)


Processing Rails::InfoController#properties (for 127.0.0.1 at 2010-09-17 11:10:14) [GET]
  [4;35;1mSQL (0.0ms)[0m   [0m SELECT name
 FROM sqlite_master
 WHERE type = 'table' AND NOT name = 'sqlite_sequence'
[0m
Completed in 16ms (View: 0, DB: 0) | 200 OK [http://localhost/rails/info/properties]


Processing ApplicationController#index (for 127.0.0.1 at 2010-09-17 11:19:21) [GET]

ActionController::RoutingError (No route matches "/controller/action" with {:method=>:get}):
  C:/Ruby187/lib/ruby/1.8/webrick/httpserver.rb:104:in `service'
  C:/Ruby187/lib/ruby/1.8/webrick/httpserver.rb:65:in `run'
  C:/Ruby187/lib/ruby/1.8/webrick/server.rb:173:in `start_thread'
  C:/Ruby187/lib/ruby/1.8/webrick/server.rb:162:in `start'
  C:/Ruby187/lib/ruby/1.8/webrick/server.rb:162:in `start_thread'
  C:/Ruby187/lib/ruby/1.8/webrick/server.rb:95:in `start'
  C:/Ruby187/lib/ruby/1.8/webrick/server.rb:92:in `each'
  C:/Ruby187/lib/ruby/1.8/webrick/server.rb:92:in `start'
  C:/Ruby187/lib/ruby/1.8/webrick/server.rb:23:in `start'
  C:/Ruby187/lib/ruby/1.8/webrick/server.rb:82:in `start'

Rendering rescues/layout (not_found)


Processing ApplicationController#index (for 127.0.0.1 at 2010-09-17 11:19:36) [GET]

ActionController::RoutingError (No route matches "/controller/home" with {:method=>:get}):
  C:/Ruby187/lib/ruby/1.8/webrick/httpserver.rb:104:in `service'
  C:/Ruby187/lib/ruby/1.8/webrick/httpserver.rb:65:in `run'
  C:/Ruby187/lib/ruby/1.8/webrick/server.rb:173:in `start_thread'
  C:/Ruby187/lib/ruby/1.8/webrick/server.rb:162:in `start'
  C:/Ruby187/lib/ruby/1.8/webrick/server.rb:162:in `start_thread'
  C:/Ruby187/lib/ruby/1.8/webrick/server.rb:95:in `start'
  C:/Ruby187/lib/ruby/1.8/webrick/server.rb:92:in `each'
  C:/Ruby187/lib/ruby/1.8/webrick/server.rb:92:in `start'
  C:/Ruby187/lib/ruby/1.8/webrick/server.rb:23:in `start'
  C:/Ruby187/lib/ruby/1.8/webrick/server.rb:82:in `start'

Rendering rescues/layout (not_found)


Processing ApplicationController#index (for 127.0.0.1 at 2010-09-17 11:19:48) [GET]

ActionController::RoutingError (No route matches "/pages/home" with {:method=>:get}):
  C:/Ruby187/lib/ruby/1.8/webrick/httpserver.rb:104:in `service'
  C:/Ruby187/lib/ruby/1.8/webrick/httpserver.rb:65:in `run'
  C:/Ruby187/lib/ruby/1.8/webrick/server.rb:173:in `start_thread'
  C:/Ruby187/lib/ruby/1.8/webrick/server.rb:162:in `start'
  C:/Ruby187/lib/ruby/1.8/webrick/server.rb:162:in `start_thread'
  C:/Ruby187/lib/ruby/1.8/webrick/server.rb:95:in `start'
  C:/Ruby187/lib/ruby/1.8/webrick/server.rb:92:in `each'
  C:/Ruby187/lib/ruby/1.8/webrick/server.rb:92:in `start'
  C:/Ruby187/lib/ruby/1.8/webrick/server.rb:23:in `start'
  C:/Ruby187/lib/ruby/1.8/webrick/server.rb:82:in `start'

Rendering rescues/layout (not_found)


Processing ApplicationController#index (for 127.0.0.1 at 2010-09-17 11:20:22) [GET]

ActionController::RoutingError (No route matches "/pages/home" with {:method=>:get}):
  C:/Ruby187/lib/ruby/1.8/webrick/httpserver.rb:104:in `service'
  C:/Ruby187/lib/ruby/1.8/webrick/httpserver.rb:65:in `run'
  C:/Ruby187/lib/ruby/1.8/webrick/server.rb:173:in `start_thread'
  C:/Ruby187/lib/ruby/1.8/webrick/server.rb:162:in `start'
  C:/Ruby187/lib/ruby/1.8/webrick/server.rb:162:in `start_thread'
  C:/Ruby187/lib/ruby/1.8/webrick/server.rb:95:in `start'
  C:/Ruby187/lib/ruby/1.8/webrick/server.rb:92:in `each'
  C:/Ruby187/lib/ruby/1.8/webrick/server.rb:92:in `start'
  C:/Ruby187/lib/ruby/1.8/webrick/server.rb:23:in `start'
  C:/Ruby187/lib/ruby/1.8/webrick/server.rb:82:in `start'

Rendering rescues/layout (not_found)


Processing PagesController#home (for 127.0.0.1 at 2010-09-17 11:24:15) [GET]
Rendering pages/home
Completed in 16ms (View: 16, DB: 0) | 200 OK [http://localhost/pages/home]


Processing PagesController#about (for 127.0.0.1 at 2010-09-17 11:24:41) [GET]

ActionController::UnknownAction (No action responded to about. Actions: contact and home):
  C:/Ruby187/lib/ruby/1.8/webrick/httpserver.rb:104:in `service'
  C:/Ruby187/lib/ruby/1.8/webrick/httpserver.rb:65:in `run'
  C:/Ruby187/lib/ruby/1.8/webrick/server.rb:173:in `start_thread'
  C:/Ruby187/lib/ruby/1.8/webrick/server.rb:162:in `start'
  C:/Ruby187/lib/ruby/1.8/webrick/server.rb:162:in `start_thread'
  C:/Ruby187/lib/ruby/1.8/webrick/server.rb:95:in `start'
  C:/Ruby187/lib/ruby/1.8/webrick/server.rb:92:in `each'
  C:/Ruby187/lib/ruby/1.8/webrick/server.rb:92:in `start'
  C:/Ruby187/lib/ruby/1.8/webrick/server.rb:23:in `start'
  C:/Ruby187/lib/ruby/1.8/webrick/server.rb:82:in `start'

Rendering rescues/layout (not_found)


Processing PagesController#contact (for 127.0.0.1 at 2010-09-17 11:24:49) [GET]
Rendering pages/contact
Completed in 16ms (View: 16, DB: 0) | 200 OK [http://localhost/pages/contact]


Processing PagesController#contact (for 127.0.0.1 at 2010-09-17 11:57:22) [GET]
Rendering pages/contact
Completed in 16ms (View: 0, DB: 0) | 200 OK [http://localhost/pages/contact]


Processing PagesController#about (for 127.0.0.1 at 2010-09-17 13:53:40) [GET]

ActionController::UnknownAction (No action responded to about. Actions: contact and home):
  C:/Ruby187/lib/ruby/1.8/webrick/httpserver.rb:104:in `service'
  C:/Ruby187/lib/ruby/1.8/webrick/httpserver.rb:65:in `run'
  C:/Ruby187/lib/ruby/1.8/webrick/server.rb:173:in `start_thread'
  C:/Ruby187/lib/ruby/1.8/webrick/server.rb:162:in `start'
  C:/Ruby187/lib/ruby/1.8/webrick/server.rb:162:in `start_thread'
  C:/Ruby187/lib/ruby/1.8/webrick/server.rb:95:in `start'
  C:/Ruby187/lib/ruby/1.8/webrick/server.rb:92:in `each'
  C:/Ruby187/lib/ruby/1.8/webrick/server.rb:92:in `start'
  C:/Ruby187/lib/ruby/1.8/webrick/server.rb:23:in `start'
  C:/Ruby187/lib/ruby/1.8/webrick/server.rb:82:in `start'

Rendering rescues/layout (not_found)


Processing PagesController#index (for 127.0.0.1 at 2010-09-17 13:53:45) [GET]

ActionController::UnknownAction (No action responded to index. Actions: contact and home):
  C:/Ruby187/lib/ruby/1.8/webrick/httpserver.rb:104:in `service'
  C:/Ruby187/lib/ruby/1.8/webrick/httpserver.rb:65:in `run'
  C:/Ruby187/lib/ruby/1.8/webrick/server.rb:173:in `start_thread'
  C:/Ruby187/lib/ruby/1.8/webrick/server.rb:162:in `start'
  C:/Ruby187/lib/ruby/1.8/webrick/server.rb:162:in `start_thread'
  C:/Ruby187/lib/ruby/1.8/webrick/server.rb:95:in `start'
  C:/Ruby187/lib/ruby/1.8/webrick/server.rb:92:in `each'
  C:/Ruby187/lib/ruby/1.8/webrick/server.rb:92:in `start'
  C:/Ruby187/lib/ruby/1.8/webrick/server.rb:23:in `start'
  C:/Ruby187/lib/ruby/1.8/webrick/server.rb:82:in `start'

Rendering rescues/layout (not_found)


Processing Rails::InfoController#properties (for 127.0.0.1 at 2010-09-17 13:53:50) [GET]
  [4;36;1mSQL (0.0ms)[0m   [0;1m SELECT name
 FROM sqlite_master
 WHERE type = 'table' AND NOT name = 'sqlite_sequence'
[0m
Completed in 31ms (View: 16, DB: 0) | 200 OK [http://localhost/rails/info/properties]


Processing ApplicationController#index (for 127.0.0.1 at 2010-09-17 13:54:10) [GET]

ActionController::RoutingError (No route matches "/users" with {:method=>:get}):
  C:/Ruby187/lib/ruby/1.8/webrick/httpserver.rb:104:in `service'
  C:/Ruby187/lib/ruby/1.8/webrick/httpserver.rb:65:in `run'
  C:/Ruby187/lib/ruby/1.8/webrick/server.rb:173:in `start_thread'
  C:/Ruby187/lib/ruby/1.8/webrick/server.rb:162:in `start'
  C:/Ruby187/lib/ruby/1.8/webrick/server.rb:162:in `start_thread'
  C:/Ruby187/lib/ruby/1.8/webrick/server.rb:95:in `start'
  C:/Ruby187/lib/ruby/1.8/webrick/server.rb:92:in `each'
  C:/Ruby187/lib/ruby/1.8/webrick/server.rb:92:in `start'
  C:/Ruby187/lib/ruby/1.8/webrick/server.rb:23:in `start'
  C:/Ruby187/lib/ruby/1.8/webrick/server.rb:82:in `start'

Rendering rescues/layout (not_found)


Processing ApplicationController#index (for 127.0.0.1 at 2010-09-17 13:54:15) [GET]

ActionController::RoutingError (No route matches "/users" with {:method=>:get}):
  C:/Ruby187/lib/ruby/1.8/webrick/httpserver.rb:104:in `service'
  C:/Ruby187/lib/ruby/1.8/webrick/httpserver.rb:65:in `run'
  C:/Ruby187/lib/ruby/1.8/webrick/server.rb:173:in `start_thread'
  C:/Ruby187/lib/ruby/1.8/webrick/server.rb:162:in `start'
  C:/Ruby187/lib/ruby/1.8/webrick/server.rb:162:in `start_thread'
  C:/Ruby187/lib/ruby/1.8/webrick/server.rb:95:in `start'
  C:/Ruby187/lib/ruby/1.8/webrick/server.rb:92:in `each'
  C:/Ruby187/lib/ruby/1.8/webrick/server.rb:92:in `start'
  C:/Ruby187/lib/ruby/1.8/webrick/server.rb:23:in `start'
  C:/Ruby187/lib/ruby/1.8/webrick/server.rb:82:in `start'

Rendering rescues/layout (not_found)


Processing PagesController#about (for 127.0.0.1 at 2010-09-17 14:13:15) [GET]
Rendering pages/about
Completed in 0ms (View: 0, DB: 0) | 200 OK [http://localhost/pages/about]


Processing PagesController#about (for 127.0.0.1 at 2010-09-17 14:33:04) [GET]
Rendering pages/about
Completed in 31ms (View: 31, DB: 0) | 200 OK [http://localhost/pages/about]


Processing PagesController#home (for 127.0.0.1 at 2010-09-17 14:33:17) [GET]
Rendering pages/home
Completed in 16ms (View: 16, DB: 0) | 200 OK [http://localhost/pages/home]


Processing PagesController#home (for 127.0.0.1 at 2010-09-17 14:41:47) [GET]
Rendering pages/home
Completed in 16ms (View: 16, DB: 0) | 200 OK [http://localhost/pages/home]


Processing PagesController#about (for 127.0.0.1 at 2010-09-17 14:41:54) [GET]
Rendering pages/about
Completed in 0ms (View: 0, DB: 0) | 200 OK [http://localhost/pages/about]


Processing PagesController#home (for 127.0.0.1 at 2010-09-17 15:52:59) [GET]
Rendering template within layouts/application
Rendering pages/home
Completed in 16ms (View: 16, DB: 0) | 200 OK [http://localhost/pages/home]
